Arguments: 
  /home/senac/.nvm/versions/node/v16.17.0/bin/node /home/senac/.yarn/bin/yarn.js add –D @babel/cli @babel/core @babel/preset-env

PATH: 
  /home/senac/.yarn/bin:/home/senac/.config/yarn/global/node_modules/.bin:/home/senac/.nvm/versions/node/v16.17.0/bin:/usr/local/sbin:/usr/local/bin:/usr/sbin:/usr/bin:/sbin:/bin:/usr/games:/usr/local/games:/usr/lib/wsl/lib:/mnt/c/Program Files/WindowsApps/CanonicalGroupLimited.Ubuntu20.04LTS_2004.4.5.0_x64__79rhkp1fndgsc:/mnt/c/Program Files/Microsoft/jdk-11.0.12.7-hotspot/bin:/mnt/c/Windows/system32:/mnt/c/Windows:/mnt/c/Windows/System32/Wbem:/mnt/c/Windows/System32/WindowsPowerShell/v1.0/:/mnt/c/Windows/System32/OpenSSH/:/mnt/c/Program Files/Microsoft SQL Server/Client SDK/ODBC/170/Tools/Binn/:/mnt/c/Program Files (x86)/Microsoft SQL Server/150/Tools/Binn/:/mnt/c/Program Files/Microsoft SQL Server/150/Tools/Binn/:/mnt/c/Program Files/Microsoft SQL Server/150/DTS/Binn/:/mnt/c/Program Files/dotnet/:/mnt/c/Program Files/nodejs/:/mnt/c/Program Files/Git/cmd:/mnt/c/Program Files/Microsoft SQL Server/120/Tools/Binn/:/mnt/c/Program Files/Common Files/Autodesk Shared/:/mnt/c/Program Files/Microsoft VS Code/bin:/mnt/c/Users/jefferson.clemente/AppData/Local/Microsoft/WindowsApps:/snap/bin

Yarn version: 
  1.22.19

Node version: 
  16.17.0

Platform: 
  linux x64

Trace: 
  TypeError [ERR_UNESCAPED_CHARACTERS]: https://registry.yarnpkg.com/–D: Request path contains unescaped characters
      at new NodeError (node:internal/errors:387:5)
      at new ClientRequest (node:_http_client:173:13)
      at Object.request (node:https:357:10)
      at Request.module.exports.Request.start (/home/senac/.yarn/lib/cli.js:141452:32)
      at Request.module.exports.Request.end (/home/senac/.yarn/lib/cli.js:142211:10)
      at end (/home/senac/.yarn/lib/cli.js:141265:14)
      at Immediate.<anonymous> (/home/senac/.yarn/lib/cli.js:141279:7)
      at processImmediate (node:internal/timers:466:21)

npm manifest: 
  {
    "name": "projetoWeb",
    "version": "1.0.0",
    "main": "index.js",
    "license": "MIT"
  }

yarn manifest: 
  No manifest

Lockfile: 
  No lockfile
